c:\my_program\simplecompiler\wqhcompiler\wqhcompiler\x64\debug\vc143.pdb
c:\my_program\simplecompiler\wqhcompiler\wqhcompiler\x64\debug\vc143.idb
c:\my_program\simplecompiler\wqhcompiler\wqhcompiler\x64\debug\wqhcompilermain.obj
c:\my_program\simplecompiler\wqhcompiler\wqhcompiler\x64\debug\parser.obj
c:\my_program\simplecompiler\wqhcompiler\wqhcompiler\x64\debug\vm.obj
c:\my_program\simplecompiler\wqhcompiler\wqhcompiler\x64\debug\statement.obj
c:\my_program\simplecompiler\wqhcompiler\x64\debug\wqhcompiler.exe
c:\my_program\simplecompiler\wqhcompiler\x64\debug\wqhcompiler.pdb
c:\my_program\simplecompiler\wqhcompiler\wqhcompiler\x64\debug\wqhcompiler.ilk
c:\my_program\simplecompiler\wqhcompiler\wqhcompiler\x64\debug\token.obj
c:\my_program\simplecompiler\wqhcompiler\wqhcompiler\x64\debug\vm.obj.enc
c:\my_program\simplecompiler\wqhcompiler\wqhcompiler\x64\debug\wqhcompilermain.obj.enc
c:\my_program\simplecompiler\wqhcompiler\wqhcompiler\x64\debug\wqhcompiler.tlog\cl.command.1.tlog
c:\my_program\simplecompiler\wqhcompiler\wqhcompiler\x64\debug\wqhcompiler.tlog\cl.items.tlog
c:\my_program\simplecompiler\wqhcompiler\wqhcompiler\x64\debug\wqhcompiler.tlog\cl.read.1.tlog
c:\my_program\simplecompiler\wqhcompiler\wqhcompiler\x64\debug\wqhcompiler.tlog\cl.write.1.tlog
c:\my_program\simplecompiler\wqhcompiler\wqhcompiler\x64\debug\wqhcompiler.tlog\link.command.1.tlog
c:\my_program\simplecompiler\wqhcompiler\wqhcompiler\x64\debug\wqhcompiler.tlog\link.read.1.tlog
c:\my_program\simplecompiler\wqhcompiler\wqhcompiler\x64\debug\wqhcompiler.tlog\link.secondary.1.tlog
c:\my_program\simplecompiler\wqhcompiler\wqhcompiler\x64\debug\wqhcompiler.tlog\link.write.1.tlog
